2022-11-09 22:37:00,389 INFO [main] h.j.v.g.Glavna [Glavna.java:41] Unesena sifra: 1
2022-11-09 22:37:01,790 INFO [main] h.j.v.g.Glavna [Glavna.java:41] Unesena sifra: 1
2022-11-09 22:43:24,607 INFO [main] h.j.v.g.Glavna [Glavna.java:41] Unesena sifra: 1
2022-11-09 22:43:25,704 INFO [main] h.j.v.g.Glavna [Glavna.java:41] Unesena sifra: 1
2022-11-09 22:59:55,299 INFO [main] h.j.v.g.Glavna [Glavna.java:43] Unesena sifra: a
2022-11-09 23:00:00,332 INFO [main] h.j.v.g.Glavna [Glavna.java:43] Unesena sifra: 2
2022-11-09 23:00:37,095 INFO [main] h.j.v.g.Glavna [Glavna.java:43] Unesena sifra: 1
2022-11-09 23:00:38,800 INFO [main] h.j.v.g.Glavna [Glavna.java:43] Unesena sifra: 2
2022-11-09 23:00:44,502 ERROR [main] h.j.v.g.Glavna [Glavna.java:74] Unesena je ne numericka vrijednost
2022-11-09 23:00:47,437 ERROR [main] h.j.v.g.Glavna [Glavna.java:74] Unesena je ne numericka vrijednost
2022-11-09 23:00:48,712 INFO [main] h.j.v.g.Glavna [Glavna.java:71] Unjeli ste broj ECTS bodova: 2
2022-11-10 00:37:52,492 INFO [main] h.j.v.g.Glavna [Glavna.java:36] Unjeli ste broj ustanova: 1
2022-11-10 00:37:58,309 INFO [main] h.j.v.g.Glavna [Glavna.java:59] Unesena sifra: 1
2022-11-10 00:38:02,881 INFO [main] h.j.v.g.Glavna [Glavna.java:59] Unesena sifra: 1
2022-11-10 00:38:11,539 INFO [main] h.j.v.g.Glavna [Glavna.java:86] Unjeli ste broj ECTS bodova: 2
2022-11-10 00:38:13,573 INFO [main] h.j.v.g.Glavna [Glavna.java:105] Unjeli ste broj profesora : 1
2022-11-10 00:38:15,685 INFO [main] h.j.v.g.Glavna [Glavna.java:122] Unjeli ste broj studenata : 2
2022-11-10 00:38:23,816 INFO [main] h.j.v.g.Glavna [Glavna.java:86] Unjeli ste broj ECTS bodova: 2
2022-11-10 00:38:25,292 INFO [main] h.j.v.g.Glavna [Glavna.java:105] Unjeli ste broj profesora : 2
2022-11-10 00:38:26,319 INFO [main] h.j.v.g.Glavna [Glavna.java:122] Unjeli ste broj studenata : 2
2022-11-10 00:38:53,785 INFO [main] h.j.v.g.Glavna [Glavna.java:163] Unjeli ste broj predmeta : 1
2022-11-10 00:38:59,136 INFO [main] h.j.v.g.Glavna [Glavna.java:189] Unjeli ste broj studenta : 1
2022-11-10 00:39:04,576 INFO [main] h.j.v.g.Glavna [Glavna.java:207] Unjeli ste ocjena : 5
2022-11-10 00:39:16,459 INFO [main] h.j.v.g.Glavna [Glavna.java:237] Odabrali ste da se ispit odrzava : 2
2022-11-10 00:39:20,394 INFO [main] h.j.v.g.Glavna [Glavna.java:163] Unjeli ste broj predmeta : 1
2022-11-10 00:39:24,302 INFO [main] h.j.v.g.Glavna [Glavna.java:189] Unjeli ste broj studenta : 2
2022-11-10 00:39:26,008 INFO [main] h.j.v.g.Glavna [Glavna.java:207] Unjeli ste ocjena : 5
2022-11-10 00:39:34,129 INFO [main] h.j.v.g.Glavna [Glavna.java:237] Odabrali ste da se ispit odrzava : 2
2022-11-10 00:39:42,561 INFO [main] h.j.v.g.Glavna [Glavna.java:296] Unjeli ste broj ustanove : 2
2022-11-10 00:39:48,608 INFO [main] h.j.v.g.Glavna [Glavna.java:369] Unjeli ste Ocjena Zavrsnog Rada : 5
2022-11-10 00:39:49,679 INFO [main] h.j.v.g.Glavna [Glavna.java:386] Unjeli ste Ocjena Obrane Zavrsnog Rada : 5
2022-11-10 00:39:51,992 INFO [main] h.j.v.g.Glavna [Glavna.java:369] Unjeli ste Ocjena Zavrsnog Rada : 5
2022-11-10 00:39:53,020 INFO [main] h.j.v.g.Glavna [Glavna.java:386] Unjeli ste Ocjena Obrane Zavrsnog Rada : 5
2022-11-10 00:42:15,536 INFO [main] h.j.v.g.Glavna [Glavna.java:36] Unjeli ste broj ustanova: 1
2022-11-10 00:42:16,041 INFO [main] h.j.v.g.Glavna [Glavna.java:59] Unesena sifra: 1
2022-11-10 00:42:17,286 INFO [main] h.j.v.g.Glavna [Glavna.java:59] Unesena sifra: 1
2022-11-10 00:42:19,123 INFO [main] h.j.v.g.Glavna [Glavna.java:86] Unjeli ste broj ECTS bodova: 1
2022-11-10 00:42:20,108 INFO [main] h.j.v.g.Glavna [Glavna.java:105] Unjeli ste broj profesora : 1
2022-11-10 00:42:21,424 INFO [main] h.j.v.g.Glavna [Glavna.java:122] Unjeli ste broj studenata : 1
2022-11-10 00:42:24,391 INFO [main] h.j.v.g.Glavna [Glavna.java:86] Unjeli ste broj ECTS bodova: 1
2022-11-10 00:42:25,462 INFO [main] h.j.v.g.Glavna [Glavna.java:105] Unjeli ste broj profesora : 1
2022-11-10 00:42:26,184 INFO [main] h.j.v.g.Glavna [Glavna.java:122] Unjeli ste broj studenata : 1
2022-11-10 00:42:46,892 INFO [main] h.j.v.g.Glavna [Glavna.java:163] Unjeli ste broj predmeta : 1
2022-11-10 00:42:50,755 INFO [main] h.j.v.g.Glavna [Glavna.java:189] Unjeli ste broj studenta : 1
2022-11-10 00:42:51,811 INFO [main] h.j.v.g.Glavna [Glavna.java:207] Unjeli ste ocjena : 1
2022-11-10 00:43:03,736 INFO [main] h.j.v.g.Glavna [Glavna.java:237] Odabrali ste da se ispit odrzava : 2
2022-11-10 00:43:06,977 INFO [main] h.j.v.g.Glavna [Glavna.java:163] Unjeli ste broj predmeta : 2
2022-11-10 00:43:11,419 INFO [main] h.j.v.g.Glavna [Glavna.java:189] Unjeli ste broj studenta : 2
2022-11-10 00:43:12,476 INFO [main] h.j.v.g.Glavna [Glavna.java:207] Unjeli ste ocjena : 1
2022-11-10 00:43:29,362 INFO [main] h.j.v.g.Glavna [Glavna.java:237] Odabrali ste da se ispit odrzava : 2
2022-11-10 00:43:36,304 INFO [main] h.j.v.g.Glavna [Glavna.java:296] Unjeli ste broj ustanove : 1
2022-11-10 00:43:39,688 INFO [main] h.j.v.g.Glavna [Glavna.java:321] Unjeli ste OcjenaZavrsnogRada : 1
2022-11-10 00:43:42,177 INFO [main] h.j.v.g.Glavna [Glavna.java:338] Unjeli ste Ocjena Obrane Zavrsnog Rada : 1
2022-11-10 00:43:42,179 WARN [main] h.j.v.g.Glavna [VeleucilisteJave.java:49] Student 1je dobio ocjenu 1 na ispitu te se ne moze izraditi prosjek ocjena
2022-11-10 00:43:54,101 INFO [main] h.j.v.g.Glavna [Glavna.java:321] Unjeli ste OcjenaZavrsnogRada : 2
2022-11-10 00:43:55,158 INFO [main] h.j.v.g.Glavna [Glavna.java:338] Unjeli ste Ocjena Obrane Zavrsnog Rada : 2
2022-11-10 00:43:55,158 WARN [main] h.j.v.g.Glavna [VeleucilisteJave.java:49] Student 2je dobio ocjenu 1 na ispitu te se ne moze izraditi prosjek ocjena
2022-11-10 00:44:59,088 INFO [main] h.j.v.g.Glavna [Glavna.java:36] Unjeli ste broj ustanova: 1
2022-11-10 00:45:00,056 INFO [main] h.j.v.g.Glavna [Glavna.java:59] Unesena sifra: a
2022-11-10 00:45:04,598 INFO [main] h.j.v.g.Glavna [Glavna.java:59] Unesena sifra: 2
2022-11-10 00:45:11,283 INFO [main] h.j.v.g.Glavna [Glavna.java:86] Unjeli ste broj ECTS bodova: 2
2022-11-10 00:45:13,165 INFO [main] h.j.v.g.Glavna [Glavna.java:105] Unjeli ste broj profesora : 1
2022-11-10 00:45:14,162 INFO [main] h.j.v.g.Glavna [Glavna.java:122] Unjeli ste broj studenata : 2
2022-11-10 00:45:17,953 INFO [main] h.j.v.g.Glavna [Glavna.java:86] Unjeli ste broj ECTS bodova: 2
2022-11-10 00:45:18,720 INFO [main] h.j.v.g.Glavna [Glavna.java:105] Unjeli ste broj profesora : 2
2022-11-10 00:45:19,299 INFO [main] h.j.v.g.Glavna [Glavna.java:122] Unjeli ste broj studenata : 2
2022-11-10 00:45:39,487 INFO [main] h.j.v.g.Glavna [Glavna.java:163] Unjeli ste broj predmeta : 1
2022-11-10 00:45:42,872 INFO [main] h.j.v.g.Glavna [Glavna.java:189] Unjeli ste broj studenta : 1
2022-11-10 00:45:44,232 INFO [main] h.j.v.g.Glavna [Glavna.java:207] Unjeli ste ocjena : 5
2022-11-10 00:45:52,742 INFO [main] h.j.v.g.Glavna [Glavna.java:237] Odabrali ste da se ispit odrzava : 2
2022-11-10 00:45:54,233 INFO [main] h.j.v.g.Glavna [Glavna.java:163] Unjeli ste broj predmeta : 2
2022-11-10 00:45:59,051 INFO [main] h.j.v.g.Glavna [Glavna.java:189] Unjeli ste broj studenta : 2
2022-11-10 00:46:00,528 INFO [main] h.j.v.g.Glavna [Glavna.java:207] Unjeli ste ocjena : 5
2022-11-10 00:46:09,588 INFO [main] h.j.v.g.Glavna [Glavna.java:237] Odabrali ste da se ispit odrzava : 2
2022-11-10 00:46:12,005 INFO [main] h.j.v.g.Glavna [Glavna.java:296] Unjeli ste broj ustanove : 2
2022-11-10 00:46:16,549 INFO [main] h.j.v.g.Glavna [Glavna.java:369] Unjeli ste Ocjena Zavrsnog Rada : 5
2022-11-10 00:46:17,316 INFO [main] h.j.v.g.Glavna [Glavna.java:386] Unjeli ste Ocjena Obrane Zavrsnog Rada : 5
2022-11-10 00:46:18,850 INFO [main] h.j.v.g.Glavna [Glavna.java:369] Unjeli ste Ocjena Zavrsnog Rada : 5
2022-11-10 00:46:19,964 INFO [main] h.j.v.g.Glavna [Glavna.java:386] Unjeli ste Ocjena Obrane Zavrsnog Rada : 5
2022-11-10 00:48:11,557 INFO [main] h.j.v.g.Glavna [Glavna.java:36] Unjeli ste broj ustanova: 1
2022-11-10 00:48:13,464 INFO [main] h.j.v.g.Glavna [Glavna.java:59] Unesena sifra: 1
2022-11-10 00:48:15,186 INFO [main] h.j.v.g.Glavna [Glavna.java:59] Unesena sifra: 2
2022-11-10 00:48:19,092 INFO [main] h.j.v.g.Glavna [Glavna.java:86] Unjeli ste broj ECTS bodova: 2
2022-11-10 00:48:19,584 INFO [main] h.j.v.g.Glavna [Glavna.java:105] Unjeli ste broj profesora : 1
2022-11-10 00:48:19,989 INFO [main] h.j.v.g.Glavna [Glavna.java:122] Unjeli ste broj studenata : 2
2022-11-10 00:48:22,852 INFO [main] h.j.v.g.Glavna [Glavna.java:86] Unjeli ste broj ECTS bodova: 2
2022-11-10 00:48:23,272 INFO [main] h.j.v.g.Glavna [Glavna.java:105] Unjeli ste broj profesora : 2
2022-11-10 00:48:23,764 INFO [main] h.j.v.g.Glavna [Glavna.java:122] Unjeli ste broj studenata : 2
2022-11-10 00:48:42,861 INFO [main] h.j.v.g.Glavna [Glavna.java:163] Unjeli ste broj predmeta : 1
2022-11-10 00:48:45,956 INFO [main] h.j.v.g.Glavna [Glavna.java:189] Unjeli ste broj studenta : 1
2022-11-10 00:48:47,157 INFO [main] h.j.v.g.Glavna [Glavna.java:207] Unjeli ste ocjena : 5
2022-11-10 00:48:57,962 INFO [main] h.j.v.g.Glavna [Glavna.java:237] Odabrali ste da se ispit odrzava : 2
2022-11-10 00:49:00,348 INFO [main] h.j.v.g.Glavna [Glavna.java:163] Unjeli ste broj predmeta : 2
2022-11-10 00:49:04,239 INFO [main] h.j.v.g.Glavna [Glavna.java:189] Unjeli ste broj studenta : 2
2022-11-10 00:49:05,368 INFO [main] h.j.v.g.Glavna [Glavna.java:207] Unjeli ste ocjena : 5
2022-11-10 00:49:12,629 INFO [main] h.j.v.g.Glavna [Glavna.java:237] Odabrali ste da se ispit odrzava : 2
2022-11-10 00:49:14,771 INFO [main] h.j.v.g.Glavna [Glavna.java:296] Unjeli ste broj ustanove : 2
2022-11-10 00:49:19,442 INFO [main] h.j.v.g.Glavna [Glavna.java:369] Unjeli ste Ocjena Zavrsnog Rada : 5
2022-11-10 00:49:20,643 INFO [main] h.j.v.g.Glavna [Glavna.java:386] Unjeli ste Ocjena Obrane Zavrsnog Rada : 5
2022-11-10 00:49:21,757 INFO [main] h.j.v.g.Glavna [Glavna.java:369] Unjeli ste Ocjena Zavrsnog Rada : 5
2022-11-10 00:49:22,538 INFO [main] h.j.v.g.Glavna [Glavna.java:386] Unjeli ste Ocjena Obrane Zavrsnog Rada : 5
2022-11-10 01:08:05,137 INFO [main] h.j.v.g.Glavna [Glavna.java:36] Unjeli ste broj ustanova: 1
2022-11-10 01:08:06,380 INFO [main] h.j.v.g.Glavna [Glavna.java:59] Unesena sifra: 1
2022-11-10 01:08:07,653 INFO [main] h.j.v.g.Glavna [Glavna.java:59] Unesena sifra: 2
2022-11-10 01:08:12,400 INFO [main] h.j.v.g.Glavna [Glavna.java:86] Unjeli ste broj ECTS bodova: 2
2022-11-10 01:08:13,238 INFO [main] h.j.v.g.Glavna [Glavna.java:105] Unjeli ste broj profesora : 1
2022-11-10 01:08:13,715 INFO [main] h.j.v.g.Glavna [Glavna.java:122] Unjeli ste broj studenata : 2
2022-11-10 01:08:17,015 INFO [main] h.j.v.g.Glavna [Glavna.java:86] Unjeli ste broj ECTS bodova: 2
2022-11-10 01:08:17,449 INFO [main] h.j.v.g.Glavna [Glavna.java:105] Unjeli ste broj profesora : 2
2022-11-10 01:08:17,854 INFO [main] h.j.v.g.Glavna [Glavna.java:122] Unjeli ste broj studenata : 2
2022-11-10 01:08:45,028 INFO [main] h.j.v.g.Glavna [Glavna.java:163] Unjeli ste broj predmeta : 1
2022-11-10 01:08:49,224 INFO [main] h.j.v.g.Glavna [Glavna.java:189] Unjeli ste broj studenta : 1
2022-11-10 01:08:50,063 INFO [main] h.j.v.g.Glavna [Glavna.java:207] Unjeli ste ocjena : 5
2022-11-10 01:08:57,371 INFO [main] h.j.v.g.Glavna [Glavna.java:237] Odabrali ste da se ispit odrzava : 2
2022-11-10 01:08:59,282 INFO [main] h.j.v.g.Glavna [Glavna.java:163] Unjeli ste broj predmeta : 2
2022-11-10 01:09:02,826 INFO [main] h.j.v.g.Glavna [Glavna.java:189] Unjeli ste broj studenta : 2
2022-11-10 01:09:04,245 INFO [main] h.j.v.g.Glavna [Glavna.java:207] Unjeli ste ocjena : 5
2022-11-10 01:09:14,735 INFO [main] h.j.v.g.Glavna [Glavna.java:237] Odabrali ste da se ispit odrzava : 2
2022-11-10 01:09:20,016 INFO [main] h.j.v.g.Glavna [Glavna.java:296] Unjeli ste broj ustanove : 2
2022-11-10 01:09:23,431 INFO [main] h.j.v.g.Glavna [Glavna.java:369] Unjeli ste Ocjena Zavrsnog Rada : 5
2022-11-10 01:09:24,241 INFO [main] h.j.v.g.Glavna [Glavna.java:386] Unjeli ste Ocjena Obrane Zavrsnog Rada : 5
2022-11-10 01:09:26,643 INFO [main] h.j.v.g.Glavna [Glavna.java:369] Unjeli ste Ocjena Zavrsnog Rada : 5
2022-11-10 01:09:27,309 INFO [main] h.j.v.g.Glavna [Glavna.java:386] Unjeli ste Ocjena Obrane Zavrsnog Rada : 5
2022-11-10 01:10:31,004 INFO [main] h.j.v.g.Glavna [Glavna.java:36] Unjeli ste broj ustanova: 1
2022-11-10 01:10:32,248 INFO [main] h.j.v.g.Glavna [Glavna.java:59] Unesena sifra: 1
2022-11-10 01:10:33,942 INFO [main] h.j.v.g.Glavna [Glavna.java:59] Unesena sifra: 2
2022-11-10 01:10:39,295 INFO [main] h.j.v.g.Glavna [Glavna.java:86] Unjeli ste broj ECTS bodova: 2
2022-11-10 01:10:40,018 INFO [main] h.j.v.g.Glavna [Glavna.java:105] Unjeli ste broj profesora : 1
2022-11-10 01:10:40,597 INFO [main] h.j.v.g.Glavna [Glavna.java:122] Unjeli ste broj studenata : 2
2022-11-10 01:10:43,738 INFO [main] h.j.v.g.Glavna [Glavna.java:86] Unjeli ste broj ECTS bodova: 2
2022-11-10 01:10:44,418 INFO [main] h.j.v.g.Glavna [Glavna.java:105] Unjeli ste broj profesora : 2
2022-11-10 01:10:44,910 INFO [main] h.j.v.g.Glavna [Glavna.java:122] Unjeli ste broj studenata : 2
2022-11-10 01:11:06,300 INFO [main] h.j.v.g.Glavna [Glavna.java:163] Unjeli ste broj predmeta : 1
2022-11-10 01:11:08,875 INFO [main] h.j.v.g.Glavna [Glavna.java:189] Unjeli ste broj studenta : 1
2022-11-10 01:11:10,294 INFO [main] h.j.v.g.Glavna [Glavna.java:207] Unjeli ste ocjena : 5
2022-11-10 01:11:18,976 INFO [main] h.j.v.g.Glavna [Glavna.java:237] Odabrali ste da se ispit odrzava : 2
2022-11-10 01:11:21,002 INFO [main] h.j.v.g.Glavna [Glavna.java:163] Unjeli ste broj predmeta : 2
2022-11-10 01:11:24,662 INFO [main] h.j.v.g.Glavna [Glavna.java:189] Unjeli ste broj studenta : 2
2022-11-10 01:11:26,470 INFO [main] h.j.v.g.Glavna [Glavna.java:207] Unjeli ste ocjena : 5
2022-11-10 01:11:33,793 INFO [main] h.j.v.g.Glavna [Glavna.java:237] Odabrali ste da se ispit odrzava : 2
2022-11-10 01:11:35,994 INFO [main] h.j.v.g.Glavna [Glavna.java:296] Unjeli ste broj ustanove : 2
2022-11-10 01:11:39,191 INFO [main] h.j.v.g.Glavna [Glavna.java:369] Unjeli ste Ocjena Zavrsnog Rada : 5
2022-11-10 01:11:39,812 INFO [main] h.j.v.g.Glavna [Glavna.java:386] Unjeli ste Ocjena Obrane Zavrsnog Rada : 5
2022-11-10 01:11:40,494 INFO [main] h.j.v.g.Glavna [Glavna.java:369] Unjeli ste Ocjena Zavrsnog Rada : 5
2022-11-10 01:11:41,143 INFO [main] h.j.v.g.Glavna [Glavna.java:386] Unjeli ste Ocjena Obrane Zavrsnog Rada : 5
2022-11-10 01:11:41,146 ERROR [main] h.j.v.g.Glavna [FakultetRacunarstva.java:88] Ima vise najmladih studenata koji su :  1 2
2022-11-10 01:11:41,146 WARN [main] h.j.v.g.Glavna [Glavna.java:407] Ima vise najmladih studenata koji su :  1 2
2022-11-10 01:23:05,974 ERROR [main] h.j.v.g.Glavna [Glavna.java:39] Unesena je ne numericka vrijednost
2022-11-10 01:23:13,204 INFO [main] h.j.v.g.Glavna [Glavna.java:36] Unjeli ste broj ustanova: 2
2022-11-10 01:23:15,605 INFO [main] h.j.v.g.Glavna [Glavna.java:59] Unesena sifra: P1234
2022-11-10 01:23:26,037 INFO [main] h.j.v.g.Glavna [Glavna.java:59] Unesena sifra: Ivana
2022-11-10 01:23:48,025 INFO [main] h.j.v.g.Glavna [Glavna.java:86] Unjeli ste broj ECTS bodova: 2
2022-11-10 01:23:48,603 INFO [main] h.j.v.g.Glavna [Glavna.java:105] Unjeli ste broj profesora : 1
2022-11-10 01:23:49,443 INFO [main] h.j.v.g.Glavna [Glavna.java:122] Unjeli ste broj studenata : 2
2022-11-10 01:24:20,984 INFO [main] h.j.v.g.Glavna [Glavna.java:86] Unjeli ste broj ECTS bodova: 2
2022-11-10 01:24:21,924 INFO [main] h.j.v.g.Glavna [Glavna.java:105] Unjeli ste broj profesora : 2
2022-11-10 01:24:22,489 INFO [main] h.j.v.g.Glavna [Glavna.java:122] Unjeli ste broj studenata : 2
2022-11-10 01:24:41,035 INFO [main] h.j.v.g.Glavna [Glavna.java:163] Unjeli ste broj predmeta : 1
2022-11-10 01:24:44,434 INFO [main] h.j.v.g.Glavna [Glavna.java:189] Unjeli ste broj studenta : 1
2022-11-10 01:24:45,448 INFO [main] h.j.v.g.Glavna [Glavna.java:207] Unjeli ste ocjena : 1
2022-11-10 01:24:53,693 INFO [main] h.j.v.g.Glavna [Glavna.java:241] Odabrali ste da se ispit odrzava : 2
2022-11-10 01:24:55,515 INFO [main] h.j.v.g.Glavna [Glavna.java:163] Unjeli ste broj predmeta : 2
2022-11-10 01:25:00,751 INFO [main] h.j.v.g.Glavna [Glavna.java:189] Unjeli ste broj studenta : 2
2022-11-10 01:25:03,456 INFO [main] h.j.v.g.Glavna [Glavna.java:207] Unjeli ste ocjena : 5
2022-11-10 01:25:10,618 INFO [main] h.j.v.g.Glavna [Glavna.java:241] Odabrali ste da se ispit odrzava : 2
2022-11-10 01:25:33,067 INFO [main] h.j.v.g.Glavna [Glavna.java:300] Unjeli ste broj ustanove : 2
2022-11-10 01:25:51,857 INFO [main] h.j.v.g.Glavna [Glavna.java:379] Unjeli ste Ocjena Zavrsnog Rada : 3
2022-11-10 01:25:52,725 INFO [main] h.j.v.g.Glavna [Glavna.java:396] Unjeli ste Ocjena Obrane Zavrsnog Rada : 2
2022-11-10 01:25:52,728 WARN [main] h.j.v.g.Glavna [FakultetRacunarstva.java:131] Student aje dobio ocjenu 1 na ispitu te se ne moze izraditi prosjek ocjena
2022-11-10 01:26:00,159 INFO [main] h.j.v.g.Glavna [Glavna.java:379] Unjeli ste Ocjena Zavrsnog Rada : 4
2022-11-10 01:26:00,941 INFO [main] h.j.v.g.Glavna [Glavna.java:396] Unjeli ste Ocjena Obrane Zavrsnog Rada : 5
2022-11-10 01:26:00,950 WARN [main] h.j.v.g.Glavna [FakultetRacunarstva.java:131] Student aje dobio ocjenu 1 na ispitu te se ne moze izraditi prosjek ocjena
2022-11-10 01:26:00,950 WARN [main] h.j.v.g.Glavna [FakultetRacunarstva.java:131] Student aje dobio ocjenu 1 na ispitu te se ne moze izraditi prosjek ocjena
2022-11-10 01:26:12,539 INFO [main] h.j.v.g.Glavna [Glavna.java:59] Unesena sifra: 1
2022-11-10 01:26:14,058 INFO [main] h.j.v.g.Glavna [Glavna.java:59] Unesena sifra: 2
2022-11-10 01:26:17,155 ERROR [main] h.j.v.g.Glavna [Glavna.java:89] Unesena je ne numericka vrijednost
2022-11-10 01:26:18,759 INFO [main] h.j.v.g.Glavna [Glavna.java:86] Unjeli ste broj ECTS bodova: 2
2022-11-10 01:26:19,194 INFO [main] h.j.v.g.Glavna [Glavna.java:105] Unjeli ste broj profesora : 1
2022-11-10 01:26:19,628 INFO [main] h.j.v.g.Glavna [Glavna.java:122] Unjeli ste broj studenata : 2
2022-11-10 01:26:21,812 ERROR [main] h.j.v.g.Glavna [Glavna.java:89] Unesena je ne numericka vrijednost
2022-11-10 01:26:22,738 INFO [main] h.j.v.g.Glavna [Glavna.java:86] Unjeli ste broj ECTS bodova: 2
2022-11-10 01:26:23,187 INFO [main] h.j.v.g.Glavna [Glavna.java:105] Unjeli ste broj profesora : 2
2022-11-10 01:26:25,082 INFO [main] h.j.v.g.Glavna [Glavna.java:122] Unjeli ste broj studenata : 2
2022-11-10 01:26:49,936 INFO [main] h.j.v.g.Glavna [Glavna.java:163] Unjeli ste broj predmeta : 1
2022-11-10 01:26:53,193 INFO [main] h.j.v.g.Glavna [Glavna.java:189] Unjeli ste broj studenta : 1
2022-11-10 01:26:54,088 INFO [main] h.j.v.g.Glavna [Glavna.java:207] Unjeli ste ocjena : 1
2022-11-10 01:27:02,768 INFO [main] h.j.v.g.Glavna [Glavna.java:241] Odabrali ste da se ispit odrzava : 2
2022-11-10 01:27:04,518 INFO [main] h.j.v.g.Glavna [Glavna.java:163] Unjeli ste broj predmeta : 2
2022-11-10 01:27:08,179 INFO [main] h.j.v.g.Glavna [Glavna.java:189] Unjeli ste broj studenta : 2
2022-11-10 01:27:10,536 INFO [main] h.j.v.g.Glavna [Glavna.java:207] Unjeli ste ocjena : 5
2022-11-10 01:27:17,321 INFO [main] h.j.v.g.Glavna [Glavna.java:241] Odabrali ste da se ispit odrzava : 2
2022-11-10 01:27:21,443 INFO [main] h.j.v.g.Glavna [Glavna.java:300] Unjeli ste broj ustanove : 1
2022-11-10 01:27:31,351 INFO [main] h.j.v.g.Glavna [Glavna.java:326] Unjeli ste OcjenaZavrsnogRada : 5
2022-11-10 01:27:32,147 INFO [main] h.j.v.g.Glavna [Glavna.java:343] Unjeli ste Ocjena Obrane Zavrsnog Rada : 5
2022-11-10 01:27:32,148 WARN [main] h.j.v.g.Glavna [VeleucilisteJave.java:49] Student aje dobio ocjenu 1 na ispitu te se ne moze izraditi prosjek ocjena
2022-11-24 02:19:38,878 INFO [main] h.j.v.g.Glavna [Glavna.java:48] Unjeli ste broj ustanova: 1
2022-11-24 02:19:40,887 INFO [main] h.j.v.g.Glavna [Glavna.java:71] Unesena sifra: a
2022-11-24 02:19:44,736 INFO [main] h.j.v.g.Glavna [Glavna.java:71] Unesena sifra: d
2022-11-24 02:19:51,840 INFO [main] h.j.v.g.Glavna [Glavna.java:98] Unjeli ste broj ECTS bodova: 2
2022-11-24 02:19:53,085 INFO [main] h.j.v.g.Glavna [Glavna.java:118] Unjeli ste broj profesora : 1
2022-11-24 02:19:53,852 INFO [main] h.j.v.g.Glavna [Glavna.java:135] Unjeli ste broj studenata : 2
2022-11-24 02:19:57,078 INFO [main] h.j.v.g.Glavna [Glavna.java:98] Unjeli ste broj ECTS bodova: 2
2022-11-24 02:19:57,570 INFO [main] h.j.v.g.Glavna [Glavna.java:118] Unjeli ste broj profesora : 2
2022-11-24 02:19:58,062 INFO [main] h.j.v.g.Glavna [Glavna.java:135] Unjeli ste broj studenata : 2
2022-11-24 02:20:20,561 INFO [main] h.j.v.g.Glavna [Glavna.java:178] Unjeli ste broj predmeta : 1
2022-11-24 02:20:24,321 INFO [main] h.j.v.g.Glavna [Glavna.java:206] Unjeli ste broj studenta : 1
2022-11-24 02:22:18,509 INFO [main] h.j.v.g.Glavna [Glavna.java:48] Unjeli ste broj ustanova: 1
2022-11-24 02:22:19,881 INFO [main] h.j.v.g.Glavna [Glavna.java:71] Unesena sifra: 1
2022-11-24 02:22:21,631 INFO [main] h.j.v.g.Glavna [Glavna.java:71] Unesena sifra: 2
2022-11-24 02:22:28,359 INFO [main] h.j.v.g.Glavna [Glavna.java:98] Unjeli ste broj ECTS bodova: 2
2022-11-24 02:22:28,895 INFO [main] h.j.v.g.Glavna [Glavna.java:118] Unjeli ste broj profesora : 1
2022-11-24 02:22:29,429 INFO [main] h.j.v.g.Glavna [Glavna.java:135] Unjeli ste broj studenata : 2
2022-11-24 02:22:32,034 INFO [main] h.j.v.g.Glavna [Glavna.java:98] Unjeli ste broj ECTS bodova: 2
2022-11-24 02:22:32,526 INFO [main] h.j.v.g.Glavna [Glavna.java:118] Unjeli ste broj profesora : 2
2022-11-24 02:22:33,393 INFO [main] h.j.v.g.Glavna [Glavna.java:135] Unjeli ste broj studenata : 2
2022-11-24 02:22:49,741 INFO [main] h.j.v.g.Glavna [Glavna.java:178] Unjeli ste broj predmeta : 1
2022-11-24 02:23:24,594 INFO [main] h.j.v.g.Glavna [Glavna.java:206] Unjeli ste broj studenta : 2
2022-12-01 01:02:08,477 INFO [main] h.j.v.g.Glavna [Glavna.java:46] Unjeli ste broj ustanova: 1
2022-12-01 01:02:12,076 INFO [main] h.j.v.g.Glavna [Glavna.java:69] Unesena sifra: 1
2022-12-01 01:02:16,185 INFO [main] h.j.v.g.Glavna [Glavna.java:69] Unesena sifra: 2
2022-12-01 01:02:35,481 INFO [main] h.j.v.g.Glavna [Glavna.java:99] Unjeli ste broj ECTS bodova: 7
2022-12-01 01:02:38,637 INFO [main] h.j.v.g.Glavna [Glavna.java:119] Unjeli ste broj profesora : 1
2022-12-01 01:02:50,091 INFO [main] h.j.v.g.Glavna [Glavna.java:136] Unjeli ste broj studenata : 3
2022-12-01 01:03:37,476 INFO [main] h.j.v.g.Glavna [Glavna.java:46] Unjeli ste broj ustanova: 1
2022-12-01 01:03:38,704 INFO [main] h.j.v.g.Glavna [Glavna.java:69] Unesena sifra: 1
2022-12-01 01:03:40,628 INFO [main] h.j.v.g.Glavna [Glavna.java:69] Unesena sifra: 2
2022-12-01 01:04:22,730 INFO [main] h.j.v.g.Glavna [Glavna.java:113] Unjeli ste broj ECTS bodova: 7
2022-12-01 01:04:31,364 INFO [main] h.j.v.g.Glavna [Glavna.java:133] Unjeli ste broj profesora : 1
2022-12-01 01:04:38,616 INFO [main] h.j.v.g.Glavna [Glavna.java:150] Unjeli ste broj studenata : 2
2022-12-01 01:06:19,956 INFO [main] h.j.v.g.Glavna [Glavna.java:46] Unjeli ste broj ustanova: 1
2022-12-01 01:06:20,983 INFO [main] h.j.v.g.Glavna [Glavna.java:69] Unesena sifra: 1
2022-12-01 01:06:22,732 INFO [main] h.j.v.g.Glavna [Glavna.java:69] Unesena sifra: 2
2022-12-01 01:06:49,125 INFO [main] h.j.v.g.Glavna [Glavna.java:113] Unjeli ste broj ECTS bodova: 7
2022-12-01 01:06:51,238 INFO [main] h.j.v.g.Glavna [Glavna.java:133] Unjeli ste broj profesora : 1
2022-12-01 01:06:54,751 INFO [main] h.j.v.g.Glavna [Glavna.java:150] Unjeli ste broj studenata : 2
2022-12-01 01:08:38,517 INFO [main] h.j.v.g.Glavna [Glavna.java:46] Unjeli ste broj ustanova: 1
2022-12-01 01:08:38,979 INFO [main] h.j.v.g.Glavna [Glavna.java:69] Unesena sifra: a
2022-12-01 01:08:42,364 INFO [main] h.j.v.g.Glavna [Glavna.java:69] Unesena sifra: 2
2022-12-01 01:09:03,082 INFO [main] h.j.v.g.Glavna [Glavna.java:113] Unjeli ste broj ECTS bodova: 7
2022-12-01 01:09:04,919 INFO [main] h.j.v.g.Glavna [Glavna.java:133] Unjeli ste broj profesora : 1
2022-12-01 01:09:07,610 INFO [main] h.j.v.g.Glavna [Glavna.java:150] Unjeli ste broj studenata : 2
2022-12-01 01:09:19,918 INFO [main] h.j.v.g.Glavna [Glavna.java:113] Unjeli ste broj ECTS bodova: 4
2022-12-01 01:09:23,592 INFO [main] h.j.v.g.Glavna [Glavna.java:133] Unjeli ste broj profesora : 1
2022-12-01 01:09:25,863 INFO [main] h.j.v.g.Glavna [Glavna.java:150] Unjeli ste broj studenata : 1
2022-12-01 01:09:35,282 INFO [main] h.j.v.g.Glavna [Glavna.java:113] Unjeli ste broj ECTS bodova: 12
2022-12-01 01:09:36,745 INFO [main] h.j.v.g.Glavna [Glavna.java:133] Unjeli ste broj profesora : 2
2022-12-01 01:09:38,392 INFO [main] h.j.v.g.Glavna [Glavna.java:150] Unjeli ste broj studenata : 1
2022-12-01 01:11:48,846 INFO [main] h.j.v.g.Glavna [Glavna.java:46] Unjeli ste broj ustanova: 1
2022-12-01 01:11:52,026 INFO [main] h.j.v.g.Glavna [Glavna.java:69] Unesena sifra: p123
2022-12-01 01:12:00,953 INFO [main] h.j.v.g.Glavna [Glavna.java:69] Unesena sifra: p534
2022-12-01 01:12:42,974 INFO [main] h.j.v.g.Glavna [Glavna.java:113] Unjeli ste broj ECTS bodova: 1
2022-12-01 01:12:45,130 INFO [main] h.j.v.g.Glavna [Glavna.java:133] Unjeli ste broj profesora : 1
2022-12-01 01:12:46,445 INFO [main] h.j.v.g.Glavna [Glavna.java:150] Unjeli ste broj studenata : 2
2022-12-01 01:13:04,256 INFO [main] h.j.v.g.Glavna [Glavna.java:113] Unjeli ste broj ECTS bodova: 2
2022-12-01 01:13:05,182 INFO [main] h.j.v.g.Glavna [Glavna.java:133] Unjeli ste broj profesora : 1
2022-12-01 01:13:08,351 INFO [main] h.j.v.g.Glavna [Glavna.java:150] Unjeli ste broj studenata : 1
2022-12-01 01:13:19,926 INFO [main] h.j.v.g.Glavna [Glavna.java:113] Unjeli ste broj ECTS bodova: 3
2022-12-01 01:13:25,049 INFO [main] h.j.v.g.Glavna [Glavna.java:133] Unjeli ste broj profesora : 2
2022-12-01 01:13:39,951 INFO [main] h.j.v.g.Glavna [Glavna.java:150] Unjeli ste broj studenata : 1
2022-12-01 01:25:01,391 INFO [main] h.j.v.g.Glavna [Glavna.java:46] Unjeli ste broj ustanova: 1
2022-12-01 01:25:02,619 INFO [main] h.j.v.g.Glavna [Glavna.java:69] Unesena sifra: 1
2022-12-01 01:25:04,471 INFO [main] h.j.v.g.Glavna [Glavna.java:69] Unesena sifra: 2
2022-12-01 01:25:15,613 INFO [main] h.j.v.g.Glavna [Glavna.java:46] Unjeli ste broj ustanova: 1
2022-12-01 01:25:16,799 INFO [main] h.j.v.g.Glavna [Glavna.java:69] Unesena sifra: 1
2022-12-01 01:25:18,404 INFO [main] h.j.v.g.Glavna [Glavna.java:69] Unesena sifra: 2
2022-12-01 01:25:40,701 INFO [main] h.j.v.g.Glavna [Glavna.java:113] Unjeli ste broj ECTS bodova: 2
2022-12-01 01:25:42,102 INFO [main] h.j.v.g.Glavna [Glavna.java:134] Unjeli ste broj profesora : 1
2022-12-01 01:25:43,695 INFO [main] h.j.v.g.Glavna [Glavna.java:151] Unjeli ste broj studenata : 1
2022-12-01 01:25:50,538 INFO [main] h.j.v.g.Glavna [Glavna.java:113] Unjeli ste broj ECTS bodova: 2
2022-12-01 01:25:52,158 INFO [main] h.j.v.g.Glavna [Glavna.java:134] Unjeli ste broj profesora : 2
2022-12-01 01:25:53,329 INFO [main] h.j.v.g.Glavna [Glavna.java:151] Unjeli ste broj studenata : 1
2022-12-01 01:26:01,113 INFO [main] h.j.v.g.Glavna [Glavna.java:113] Unjeli ste broj ECTS bodova: 2
2022-12-01 01:26:03,499 INFO [main] h.j.v.g.Glavna [Glavna.java:134] Unjeli ste broj profesora : 1
2022-12-01 01:26:04,975 INFO [main] h.j.v.g.Glavna [Glavna.java:151] Unjeli ste broj studenata : 1
2022-12-01 01:27:37,525 INFO [main] h.j.v.g.Glavna [Glavna.java:46] Unjeli ste broj ustanova: 1
2022-12-01 01:27:39,390 INFO [main] h.j.v.g.Glavna [Glavna.java:69] Unesena sifra: 1
2022-12-01 01:27:41,257 INFO [main] h.j.v.g.Glavna [Glavna.java:69] Unesena sifra: 2
2022-12-01 01:28:00,212 INFO [main] h.j.v.g.Glavna [Glavna.java:113] Unjeli ste broj ECTS bodova: 1
2022-12-01 01:28:01,948 INFO [main] h.j.v.g.Glavna [Glavna.java:134] Unjeli ste broj profesora : 1
2022-12-01 01:28:03,366 INFO [main] h.j.v.g.Glavna [Glavna.java:151] Unjeli ste broj studenata : 1
2022-12-01 01:28:49,643 INFO [main] h.j.v.g.Glavna [Glavna.java:46] Unjeli ste broj ustanova: 1
2022-12-01 01:28:50,190 INFO [main] h.j.v.g.Glavna [Glavna.java:69] Unesena sifra: 1
2022-12-01 01:28:51,463 INFO [main] h.j.v.g.Glavna [Glavna.java:69] Unesena sifra: 2
2022-12-01 01:29:08,578 INFO [main] h.j.v.g.Glavna [Glavna.java:113] Unjeli ste broj ECTS bodova: 1
2022-12-01 01:29:09,663 INFO [main] h.j.v.g.Glavna [Glavna.java:134] Unjeli ste broj profesora : 1
2022-12-01 01:29:11,442 INFO [main] h.j.v.g.Glavna [Glavna.java:151] Unjeli ste broj studenata : 2
2022-12-01 01:30:19,259 INFO [main] h.j.v.g.Glavna [Glavna.java:46] Unjeli ste broj ustanova: 1
2022-12-01 01:30:19,807 INFO [main] h.j.v.g.Glavna [Glavna.java:69] Unesena sifra: 1
2022-12-01 01:30:21,630 INFO [main] h.j.v.g.Glavna [Glavna.java:69] Unesena sifra: 2
2022-12-01 01:30:44,558 INFO [main] h.j.v.g.Glavna [Glavna.java:113] Unjeli ste broj ECTS bodova: 1
2022-12-01 01:30:45,701 INFO [main] h.j.v.g.Glavna [Glavna.java:134] Unjeli ste broj profesora : 1
2022-12-01 01:30:47,046 INFO [main] h.j.v.g.Glavna [Glavna.java:151] Unjeli ste broj studenata : 1
2022-12-01 01:31:04,852 INFO [main] h.j.v.g.Glavna [Glavna.java:113] Unjeli ste broj ECTS bodova: 1
2022-12-01 01:31:06,269 INFO [main] h.j.v.g.Glavna [Glavna.java:134] Unjeli ste broj profesora : 2
2022-12-01 01:31:07,470 INFO [main] h.j.v.g.Glavna [Glavna.java:151] Unjeli ste broj studenata : 1
2022-12-01 01:31:16,092 INFO [main] h.j.v.g.Glavna [Glavna.java:113] Unjeli ste broj ECTS bodova: 1
2022-12-01 01:31:17,508 INFO [main] h.j.v.g.Glavna [Glavna.java:134] Unjeli ste broj profesora : 1
2022-12-01 01:31:19,895 INFO [main] h.j.v.g.Glavna [Glavna.java:151] Unjeli ste broj studenata : 2
2022-12-01 01:32:09,627 INFO [main] h.j.v.g.Glavna [Glavna.java:46] Unjeli ste broj ustanova: 1
2022-12-01 01:32:10,119 INFO [main] h.j.v.g.Glavna [Glavna.java:69] Unesena sifra: 1
2022-12-01 01:32:11,998 INFO [main] h.j.v.g.Glavna [Glavna.java:69] Unesena sifra: 2
2022-12-01 01:32:31,282 INFO [main] h.j.v.g.Glavna [Glavna.java:113] Unjeli ste broj ECTS bodova: 1
2022-12-01 01:32:32,137 INFO [main] h.j.v.g.Glavna [Glavna.java:134] Unjeli ste broj profesora : 1
2022-12-01 01:32:33,250 INFO [main] h.j.v.g.Glavna [Glavna.java:151] Unjeli ste broj studenata : 1
2022-12-01 01:32:38,227 INFO [main] h.j.v.g.Glavna [Glavna.java:113] Unjeli ste broj ECTS bodova: 2
2022-12-01 01:32:39,559 INFO [main] h.j.v.g.Glavna [Glavna.java:134] Unjeli ste broj profesora : 2
2022-12-01 01:32:41,265 INFO [main] h.j.v.g.Glavna [Glavna.java:151] Unjeli ste broj studenata : 1
2022-12-01 01:32:47,863 INFO [main] h.j.v.g.Glavna [Glavna.java:113] Unjeli ste broj ECTS bodova: 3
2022-12-01 01:32:49,339 INFO [main] h.j.v.g.Glavna [Glavna.java:134] Unjeli ste broj profesora : 1
2022-12-01 01:32:51,538 INFO [main] h.j.v.g.Glavna [Glavna.java:151] Unjeli ste broj studenata : 2
2022-12-01 01:33:10,304 INFO [main] h.j.v.g.Glavna [Glavna.java:216] Unjeli ste broj predmeta : 1
2022-12-01 01:33:14,658 INFO [main] h.j.v.g.Glavna [Glavna.java:244] Unjeli ste broj studenta : 1
2022-12-01 01:34:10,757 INFO [main] h.j.v.g.Glavna [Glavna.java:46] Unjeli ste broj ustanova: 1
2022-12-01 01:34:11,609 INFO [main] h.j.v.g.Glavna [Glavna.java:69] Unesena sifra: 1
2022-12-01 01:34:13,157 INFO [main] h.j.v.g.Glavna [Glavna.java:69] Unesena sifra: 2
2022-12-01 01:34:33,878 INFO [main] h.j.v.g.Glavna [Glavna.java:113] Unjeli ste broj ECTS bodova: 1
2022-12-01 01:34:34,516 INFO [main] h.j.v.g.Glavna [Glavna.java:134] Unjeli ste broj profesora : 1
2022-12-01 01:34:35,413 INFO [main] h.j.v.g.Glavna [Glavna.java:151] Unjeli ste broj studenata : 1
2022-12-01 01:34:40,592 INFO [main] h.j.v.g.Glavna [Glavna.java:113] Unjeli ste broj ECTS bodova: 2
2022-12-01 01:34:43,646 INFO [main] h.j.v.g.Glavna [Glavna.java:134] Unjeli ste broj profesora : 2
2022-12-01 01:34:50,462 INFO [main] h.j.v.g.Glavna [Glavna.java:151] Unjeli ste broj studenata : 2
2022-12-01 01:34:56,799 INFO [main] h.j.v.g.Glavna [Glavna.java:113] Unjeli ste broj ECTS bodova: 3
2022-12-01 01:34:58,216 INFO [main] h.j.v.g.Glavna [Glavna.java:134] Unjeli ste broj profesora : 1
2022-12-01 01:35:02,008 INFO [main] h.j.v.g.Glavna [Glavna.java:151] Unjeli ste broj studenata : 3
2022-12-01 01:35:25,780 INFO [main] h.j.v.g.Glavna [Glavna.java:216] Unjeli ste broj predmeta : 1
2022-12-01 01:35:30,539 INFO [main] h.j.v.g.Glavna [Glavna.java:244] Unjeli ste broj studenta : 1
2022-12-01 01:35:40,464 INFO [main] h.j.v.g.Glavna [Glavna.java:293] Odabrali ste da se ispit odrzava : 2
2022-12-01 01:35:44,774 INFO [main] h.j.v.g.Glavna [Glavna.java:216] Unjeli ste broj predmeta : 2
2022-12-01 01:35:51,517 INFO [main] h.j.v.g.Glavna [Glavna.java:244] Unjeli ste broj studenta : 2
2022-12-01 01:36:01,469 INFO [main] h.j.v.g.Glavna [Glavna.java:293] Odabrali ste da se ispit odrzava : 2
2022-12-01 02:28:18,134 INFO [main] h.j.v.g.Glavna [Glavna.java:46] Unjeli ste broj ustanova: 2
2022-12-01 02:28:23,355 INFO [main] h.j.v.g.Glavna [Glavna.java:69] Unesena sifra: p123
2022-12-01 02:28:34,423 INFO [main] h.j.v.g.Glavna [Glavna.java:69] Unesena sifra: p654
